<?xml version="1.0" encoding="UTF-8"?>
<TestRun id="99dc89e5-5733-4ac0-bb16-45d74b0f49fd" name="paytonli2014@ADMINIB-O91S1H8 2014-09-28 15:57:58" runUser="ADMINIB-O91S1H8\paytonli2014" xmlns="http://microsoft.com/schemas/VisualStudio/TeamTest/2010">
  <TestSettings name="Local" id="4e5cae7b-75fd-4c06-ac5b-75de7e3bdad5">
    <Description>These are default test settings for a local test run.</Description>
    <Deployment enabled="false" runDeploymentRoot="paytonli2014_ADMINIB-O91S1H8 2014-09-28 15_57_58">
      <DeploymentItem filename="C:\Workspace\Git\PTracker\src\PTracker\PTracker.Core\bin\Debug\PTracker.Core.dll" />
    </Deployment>
    <Execution>
      <TestTypeSpecific />
      <AgentRule name="Execution Agents">
      </AgentRule>
    </Execution>
  </TestSettings>
  <Times creation="2014-09-28T15:57:58.5098620+08:00" queuing="2014-09-28T15:57:58.7298623+08:00" start="2014-09-28T15:57:58.7498623+08:00" finish="2014-09-28T15:57:59.1498629+08:00" />
  <ResultSummary outcome="Failed">
    <Counters total="3" executed="3" error="0" failed="3" timeout="0" aborted="0" inconclusive="0" passedButRunAborted="0" notRunnable="0" notExecuted="0" disconnected="0" warning="0" passed="0" completed="0" inProgress="0" pending="0" />
  </ResultSummary>
  <TestDefinitions>
    <UnitTest name="FileManagerConstructorTest" storage="c:\workspace\git\ptracker\src\ptracker\ptracker.core.test\bin\debug\ptracker.core.test.dll" id="79cefc58-5808-e29f-e99d-4c4f744a294c">
      <Execution id="dcde9c01-4452-4693-a27a-285533a46636" />
      <TestMethod codeBase="C:/Workspace/Git/PTracker/src/PTracker/PTracker.Core.Test/bin/Debug/PTracker.Core.Test.DLL" adapterTypeName="Microsoft.VisualStudio.TestTools.TestTypes.Unit.UnitTestAdapter, Microsoft.VisualStudio.QualityTools.Tips.UnitTest.Adapter, Version=10.0.0.0, Culture=neutral, PublicKeyToken=b03f5f7f11d50a3a" className="PTracker.Core.Test.FileManagerTest, PTracker.Core.Test, Version=1.0.0.0, Culture=neutral, PublicKeyToken=null" name="FileManagerConstructorTest" />
    </UnitTest>
    <UnitTest name="SubscribeTest" storage="c:\workspace\git\ptracker\src\ptracker\ptracker.core.test\bin\debug\ptracker.core.test.dll" id="414c0098-dcec-85fc-6506-67bbb6cc2995">
      <Execution id="1d34727a-0dd3-4c9b-a47a-f8d0936c9b24" />
      <TestMethod codeBase="C:/Workspace/Git/PTracker/src/PTracker/PTracker.Core.Test/bin/Debug/PTracker.Core.Test.DLL" adapterTypeName="Microsoft.VisualStudio.TestTools.TestTypes.Unit.UnitTestAdapter, Microsoft.VisualStudio.QualityTools.Tips.UnitTest.Adapter, Version=10.0.0.0, Culture=neutral, PublicKeyToken=b03f5f7f11d50a3a" className="PTracker.Core.Test.FileManagerTest, PTracker.Core.Test, Version=1.0.0.0, Culture=neutral, PublicKeyToken=null" name="SubscribeTest" />
    </UnitTest>
    <UnitTest name="LoadTest" storage="c:\workspace\git\ptracker\src\ptracker\ptracker.core.test\bin\debug\ptracker.core.test.dll" id="66f41bfc-434e-6dfe-1b1f-5198c7f003f7">
      <DeploymentItems>
        <DeploymentItem filename="PTracker.Core.dll" />
      </DeploymentItems>
      <Execution id="10d532ce-83b1-4552-b1a9-3f762d59fbae" />
      <TestMethod codeBase="C:/Workspace/Git/PTracker/src/PTracker/PTracker.Core.Test/bin/Debug/PTracker.Core.Test.DLL" adapterTypeName="Microsoft.VisualStudio.TestTools.TestTypes.Unit.UnitTestAdapter, Microsoft.VisualStudio.QualityTools.Tips.UnitTest.Adapter, Version=10.0.0.0, Culture=neutral, PublicKeyToken=b03f5f7f11d50a3a" className="PTracker.Core.Test.FileManagerTest, PTracker.Core.Test, Version=1.0.0.0, Culture=neutral, PublicKeyToken=null" name="LoadTest" />
    </UnitTest>
  </TestDefinitions>
  <TestLists>
    <TestList name="Results Not in a List" id="8c84fa94-04c1-424b-9868-57a2d4851a1d" />
    <TestList name="All Loaded Results" id="19431567-8539-422a-85d7-44ee4e166bda" />
  </TestLists>
  <TestEntries>
    <TestEntry testId="414c0098-dcec-85fc-6506-67bbb6cc2995" executionId="1d34727a-0dd3-4c9b-a47a-f8d0936c9b24" testListId="8c84fa94-04c1-424b-9868-57a2d4851a1d" />
    <TestEntry testId="66f41bfc-434e-6dfe-1b1f-5198c7f003f7" executionId="10d532ce-83b1-4552-b1a9-3f762d59fbae" testListId="8c84fa94-04c1-424b-9868-57a2d4851a1d" />
    <TestEntry testId="79cefc58-5808-e29f-e99d-4c4f744a294c" executionId="dcde9c01-4452-4693-a27a-285533a46636" testListId="8c84fa94-04c1-424b-9868-57a2d4851a1d" />
  </TestEntries>
  <Results>
    <UnitTestResult executionId="1d34727a-0dd3-4c9b-a47a-f8d0936c9b24" testId="414c0098-dcec-85fc-6506-67bbb6cc2995" testName="SubscribeTest" computerName="ADMINIB-O91S1H8" duration="00:00:00.0456205" startTime="2014-09-28T15:57:58.7598623+08:00" endTime="2014-09-28T15:57:59.0898628+08:00" testType="13cdc9d9-ddb5-4fa4-a97d-d965ccfc6d4b" outcome="Failed" testListId="8c84fa94-04c1-424b-9868-57a2d4851a1d" relativeResultsDirectory="1d34727a-0dd3-4c9b-a47a-f8d0936c9b24">
      <Output>
        <ErrorInfo>
          <Message>Test method PTracker.Core.Test.FileManagerTest.SubscribeTest threw exception: 
System.ArgumentNullException: Value cannot be null.
Parameter name: file ont found. path: C:\Workspace\Git\PTracker\src\PTracker\TestResults\paytonli2014_ADMINIB-O91S1H8 2014-09-28 15_57_58\Out\TestFile\Test01.txt</Message>
          <StackTrace>    at PTracker.Core.FileManager..ctor(String path, Boolean isTracking, Encoding encoding, TaskScheduler tScheduler, ILogger logger) in C:\Workspace\Git\PTracker\src\PTracker\PTracker.Core\FileManager.cs:line 40
   at PTracker.Core.Test.FileManagerTest.SubscribeTest() in C:\Workspace\Git\PTracker\src\PTracker\PTracker.Core.Test\FileManagerTest.cs:line 121
</StackTrace>
        </ErrorInfo>
      </Output>
    </UnitTestResult>
    <UnitTestResult executionId="10d532ce-83b1-4552-b1a9-3f762d59fbae" testId="66f41bfc-434e-6dfe-1b1f-5198c7f003f7" testName="LoadTest" computerName="ADMINIB-O91S1H8" duration="00:00:00.0104822" startTime="2014-09-28T15:57:59.0898628+08:00" endTime="2014-09-28T15:57:59.0998628+08:00" testType="13cdc9d9-ddb5-4fa4-a97d-d965ccfc6d4b" outcome="Failed" testListId="8c84fa94-04c1-424b-9868-57a2d4851a1d" relativeResultsDirectory="10d532ce-83b1-4552-b1a9-3f762d59fbae">
      <Output>
        <ErrorInfo>
          <Message>Test method PTracker.Core.Test.FileManagerTest.LoadTest threw exception: 
System.ArgumentNullException: Value cannot be null.
Parameter name: file ont found. path: C:\Workspace\Git\PTracker\src\PTracker\PTracker.Core.Test\bin\Debug\PTracker.Core.Test.dll\TestFile\Test01.txt</Message>
          <StackTrace>    at PTracker.Core.FileManager..ctor(String path, Boolean isTracking, Encoding encoding, TaskScheduler tScheduler, ILogger logger) in C:\Workspace\Git\PTracker\src\PTracker\PTracker.Core\FileManager.cs:line 40
   at PTracker.Core.Test.FileManagerTest.LoadTest() in C:\Workspace\Git\PTracker\src\PTracker\PTracker.Core.Test\FileManagerTest.cs:line 99
</StackTrace>
        </ErrorInfo>
      </Output>
    </UnitTestResult>
    <UnitTestResult executionId="dcde9c01-4452-4693-a27a-285533a46636" testId="79cefc58-5808-e29f-e99d-4c4f744a294c" testName="FileManagerConstructorTest" computerName="ADMINIB-O91S1H8" duration="00:00:00.0022835" startTime="2014-09-28T15:57:59.0998628+08:00" endTime="2014-09-28T15:57:59.0998628+08:00" testType="13cdc9d9-ddb5-4fa4-a97d-d965ccfc6d4b" outcome="Failed" testListId="8c84fa94-04c1-424b-9868-57a2d4851a1d" relativeResultsDirectory="dcde9c01-4452-4693-a27a-285533a46636">
      <Output>
        <ErrorInfo>
          <Message>Test method PTracker.Core.Test.FileManagerTest.FileManagerConstructorTest threw exception: 
System.ArgumentNullException: Value cannot be null.
Parameter name: file ont found. path: C:\Workspace\Git\PTracker\src\PTracker\TestResults\paytonli2014_ADMINIB-O91S1H8 2014-09-28 15_57_58\Out</Message>
          <StackTrace>    at PTracker.Core.FileManager..ctor(String path, Boolean isTracking, Encoding encoding, TaskScheduler tScheduler, ILogger logger) in C:\Workspace\Git\PTracker\src\PTracker\PTracker.Core\FileManager.cs:line 40
   at PTracker.Core.Test.FileManagerTest.FileManagerConstructorTest() in C:\Workspace\Git\PTracker\src\PTracker\PTracker.Core.Test\FileManagerTest.cs:line 82
</StackTrace>
        </ErrorInfo>
      </Output>
    </UnitTestResult>
  </Results>
</TestRun>