<?xml version="1.0" encoding="UTF-8"?>
<TestRun id="ff63dd22-d564-471e-8810-fd52d932c571" name="paytonli2014@ADMINIB-O91S1H8 2014-09-28 15:58:03" runUser="ADMINIB-O91S1H8\paytonli2014" xmlns="http://microsoft.com/schemas/VisualStudio/TeamTest/2010">
  <TestSettings name="Local" id="4e5cae7b-75fd-4c06-ac5b-75de7e3bdad5">
    <Description>These are default test settings for a local test run.</Description>
    <Deployment enabled="false" runDeploymentRoot="paytonli2014_ADMINIB-O91S1H8 2014-09-28 15_58_03">
      <DeploymentItem filename="C:\Workspace\Git\PTracker\src\PTracker\PTracker.Core\bin\Debug\PTracker.Core.dll" />
    </Deployment>
    <Execution>
      <TestTypeSpecific />
      <AgentRule name="Execution Agents">
      </AgentRule>
    </Execution>
  </TestSettings>
  <Times creation="2014-09-28T15:58:03.9368834+08:00" queuing="2014-09-28T15:58:04.8878892+08:00" start="2014-09-28T15:58:04.9678893+08:00" finish="2014-09-28T15:58:50.5052286+08:00" />
  <ResultSummary outcome="Error">
    <Counters total="1" executed="1" error="0" failed="0" timeout="0" aborted="1" inconclusive="0" passedButRunAborted="0" notRunnable="0" notExecuted="0" disconnected="0" warning="0" passed="0" completed="0" inProgress="0" pending="0" />
    <RunInfos>
      <RunInfo computerName="ADMINIB-O91S1H8" outcome="Warning" timestamp="2014-09-28T15:58:03.9968868+08:00">
        <Text>Deployment is currently disabled. The deployment item 'PTracker.Core.dll' on test 'PTracker.Core.Test.FileManagerTest.LoadTest' was not deployed.</Text>
      </RunInfo>
      <RunInfo computerName="ADMINIB-O91S1H8" outcome="Error" timestamp="2014-09-28T15:58:50.5052286+08:00">
        <Text>Test host process exited unexpectedly.</Text>
      </RunInfo>
    </RunInfos>
  </ResultSummary>
  <TestDefinitions>
    <UnitTest name="LoadTest" storage="c:\workspace\git\ptracker\src\ptracker\ptracker.core.test\bin\debug\ptracker.core.test.dll" id="66f41bfc-434e-6dfe-1b1f-5198c7f003f7">
      <DeploymentItems>
        <DeploymentItem filename="PTracker.Core.dll" />
      </DeploymentItems>
      <Execution id="588f14b6-40e3-4979-9f28-02529e34c617" />
      <TestMethod codeBase="C:/Workspace/Git/PTracker/src/PTracker/PTracker.Core.Test/bin/Debug/PTracker.Core.Test.DLL" adapterTypeName="Microsoft.VisualStudio.TestTools.TestTypes.Unit.UnitTestAdapter, Microsoft.VisualStudio.QualityTools.Tips.UnitTest.Adapter, Version=10.0.0.0, Culture=neutral, PublicKeyToken=b03f5f7f11d50a3a" className="PTracker.Core.Test.FileManagerTest, PTracker.Core.Test, Version=1.0.0.0, Culture=neutral, PublicKeyToken=null" name="LoadTest" />
    </UnitTest>
  </TestDefinitions>
  <TestLists>
    <TestList name="Results Not in a List" id="8c84fa94-04c1-424b-9868-57a2d4851a1d" />
    <TestList name="All Loaded Results" id="19431567-8539-422a-85d7-44ee4e166bda" />
  </TestLists>
  <TestEntries>
    <TestEntry testId="66f41bfc-434e-6dfe-1b1f-5198c7f003f7" executionId="588f14b6-40e3-4979-9f28-02529e34c617" testListId="8c84fa94-04c1-424b-9868-57a2d4851a1d" />
  </TestEntries>
  <Results>
    <UnitTestResult executionId="588f14b6-40e3-4979-9f28-02529e34c617" testId="66f41bfc-434e-6dfe-1b1f-5198c7f003f7" testName="LoadTest" computerName="ADMINIB-O91S1H8" duration="00:00:45.4573391" startTime="2014-09-28T15:58:05.0478895+08:00" endTime="2014-09-28T15:58:50.5052286+08:00" testType="13cdc9d9-ddb5-4fa4-a97d-d965ccfc6d4b" outcome="Aborted" testListId="8c84fa94-04c1-424b-9868-57a2d4851a1d" relativeResultsDirectory="588f14b6-40e3-4979-9f28-02529e34c617">
    </UnitTestResult>
  </Results>
</TestRun>